C51 COMPILER V9.60.7.0   MAIN                                                              02/25/2025 20:40:02 PAGE 1   


C51 COMPILER V9.60.7.0, COMPILATION OF MODULE MAIN
OBJECT MODULE PLACED IN .\Objects\main.obj
COMPILER INVOKED BY: E:\Keil\C51\BIN\C51.EXE main.c OPTIMIZE(8,SPEED) BROWSE DEBUG OBJECTEXTEND PRINT(.\Listings\main.ls
                    -t) TABS(2) OBJECT(.\Objects\main.obj)

line level    source

   1          #include <STC89C5xRC.H>
   2          
   3          void Delay100ms(void) //@11.0592MHz
   4          {
   5   1        unsigned char data i, j;
   6   1      
   7   1        i = 180;
   8   1        j = 73;
   9   1        do
  10   1        {
  11   2          while (--j);
  12   2        } while (--i);
  13   1      }
  14          
  15          void main(){
  16   1        P0 = 0xFE;  // 初始化 P0 为 11111110（第一个灯亮，其他灯灭）
  17   1        while(1){
  18   2          Delay100ms();  // 延时 100ms
  19   2          P0 = (P0 << 1) | 0x01;  // 左移一位并在最低位加 1
  20   2          if (P0 == 0xFF) {  // 如果 P0 变为 11111111（所有灯灭），则重新初始化为 11111110
  21   3            P0 = 0xFE;
  22   3          }
  23   2        }
  24   1      }


MODULE INFORMATION:   STATIC OVERLAYABLE
   CODE SIZE        =     33    ----
   CONSTANT SIZE    =   ----    ----
   XDATA SIZE       =   ----    ----
   PDATA SIZE       =   ----    ----
   DATA SIZE        =   ----    ----
   IDATA SIZE       =   ----    ----
   BIT SIZE         =   ----    ----
END OF MODULE INFORMATION.


C51 COMPILATION COMPLETE.  0 WARNING(S),  0 ERROR(S)
