C51 COMPILER V9.60.7.0   MAIN                                                              02/25/2025 20:42:16 PAGE 1   


C51 COMPILER V9.60.7.0, COMPILATION OF MODULE MAIN
OBJECT MODULE PLACED IN .\Objects\main.obj
COMPILER INVOKED BY: E:\Keil\C51\BIN\C51.EXE main.c OPTIMIZE(8,SPEED) BROWSE DEBUG OBJECTEXTEND PRINT(.\Listings\main.ls
                    -t) TABS(2) OBJECT(.\Objects\main.obj)

line level    source

   1          #include <STC89C5xRC.H>
   2          
   3          void Delay100ms(void) //@11.0592MHz
   4          {
   5   1        unsigned char data i, j;
   6   1      
   7   1        i = 180;
   8   1        j = 73;
   9   1        do
  10   1        {
  11   2          while (--j);
  12   2        } while (--i);
  13   1      }
  14          
  15          void main(){
  16   1        unsigned char tmp=0x01;
  17   1        while(1){
  18   2          P0=~tmp;
  19   2          Delay100ms();
  20   2          tmp<<=1;
  21   2          if (tmp == 0x00) {  // 如果 P0 变为 11111111，则重新初始化为 11111110
  22   3            tmp = 0x01;
  23   3          }
  24   2          
  25   2        }
  26   1      }


MODULE INFORMATION:   STATIC OVERLAYABLE
   CODE SIZE        =     28    ----
   CONSTANT SIZE    =   ----    ----
   XDATA SIZE       =   ----    ----
   PDATA SIZE       =   ----    ----
   DATA SIZE        =   ----    ----
   IDATA SIZE       =   ----    ----
   BIT SIZE         =   ----    ----
END OF MODULE INFORMATION.


C51 COMPILATION COMPLETE.  0 WARNING(S),  0 ERROR(S)
