C51 COMPILER V9.60.7.0   MAIN                                                              02/25/2025 16:47:15 PAGE 1   


C51 COMPILER V9.60.7.0, COMPILATION OF MODULE MAIN
OBJECT MODULE PLACED IN .\Objects\main.obj
COMPILER INVOKED BY: E:\Keil\C51\BIN\C51.EXE main.c OPTIMIZE(8,SPEED) BROWSE DEBUG OBJECTEXTEND PRINT(.\Listings\main.ls
                    -t) TABS(2) OBJECT(.\Objects\main.obj)

line level    source

   1          # include <STC89C5xRC.H>//包含STC89C52的头文件
   2          
   3          void main()
   4          {
   5   1      
   6   1        //让P00引脚输出低电平
   7   1        P00=0;
   8   1        P01=0;
   9   1        
  10   1        //死循环卡住单片机，让他不要往下执行。
  11   1        while(1);
  12   1        
  13   1      }


MODULE INFORMATION:   STATIC OVERLAYABLE
   CODE SIZE        =      6    ----
   CONSTANT SIZE    =   ----    ----
   XDATA SIZE       =   ----    ----
   PDATA SIZE       =   ----    ----
   DATA SIZE        =   ----    ----
   IDATA SIZE       =   ----    ----
   BIT SIZE         =   ----    ----
END OF MODULE INFORMATION.


C51 COMPILATION COMPLETE.  0 WARNING(S),  0 ERROR(S)
